2021-04-14 15:20:08 PaladinsAPI [[0;34mDEBUG[0m in API] Invalid session id. (912E2384EFC9461DAC138473903BE60B)
2021-04-14 15:20:08 PaladinsAPI [[0;34mDEBUG[0m in API] Approved: (Old session: 912E2384EFC9461DAC138473903BE60B, new session: 01E1AC6B28C946A1861D922D821A8DE0)
2021-05-02 23:07:36 PaladinsAPI [[0;34mDEBUG[0m in API] Approved: (Old session: None, new session: 707A581692084E7D8F4638947698A70B)
2021-05-03 17:58:17 PaladinsAPI [[0;34mDEBUG[0m in API] Invalid session id. (707A581692084E7D8F4638947698A70B)
2021-05-03 17:58:17 PaladinsAPI [[0;34mDEBUG[0m in API] Approved: (Old session: 707A581692084E7D8F4638947698A70B, new session: 39D7631C94BD4404A624B69F4C44C450)
2021-05-03 20:45:46 PaladinsAPI [[0;34mDEBUG[0m in API] Invalid session id. (39D7631C94BD4404A624B69F4C44C450)
2021-05-03 20:45:46 PaladinsAPI [[0;34mDEBUG[0m in API] Approved: (Old session: 39D7631C94BD4404A624B69F4C44C450, new session: A2C049BED2724E08B38B9F4863E67012)
2021-05-03 21:05:30 PaladinsAPI [[0;34mDEBUG[0m in API] Invalid session id. (A2C049BED2724E08B38B9F4863E67012)
2021-05-03 21:05:31 PaladinsAPI [[0;34mDEBUG[0m in API] Approved: (Old session: A2C049BED2724E08B38B9F4863E67012, new session: F1DC25570024454AA6F0CB1A07599DB7)
2021-05-09 23:29:58 PaladinsAPI [[0;34mDEBUG[0m in API] Invalid session id. (F1DC25570024454AA6F0CB1A07599DB7)
2021-05-09 23:29:58 PaladinsAPI [[0;34mDEBUG[0m in API] Approved: (Old session: F1DC25570024454AA6F0CB1A07599DB7, new session: 0B55275E3EDC41B3A3DD85D30B6BB21C)
2021-05-25 01:20:30 PaladinsAPI [[0;34mDEBUG[0m in API] Invalid session id. (FAAF77DBF4154B11A073D5CDBB47DB63)
2021-05-25 01:20:30 PaladinsAPI [[0;34mDEBUG[0m in API] Approved: (Old session: FAAF77DBF4154B11A073D5CDBB47DB63, new session: 7FEE11C7EFC84F4A84356ABBD397E390)
2021-05-25 02:28:03 PaladinsAPI [[0;34mDEBUG[0m in API] Invalid session id. (7FEE11C7EFC84F4A84356ABBD397E390)
2021-05-25 02:28:03 PaladinsAPI [[0;34mDEBUG[0m in API] Approved: (Old session: 7FEE11C7EFC84F4A84356ABBD397E390, new session: 5AE20AC37AA940658AA1AA8C114BCD2D)
2021-05-29 18:25:43 PaladinsAPI [[0;34mDEBUG[0m in API] Invalid session id. (5AE20AC37AA940658AA1AA8C114BCD2D)
2021-05-29 18:25:43 PaladinsAPI [[0;34mDEBUG[0m in API] Approved: (Old session: 5AE20AC37AA940658AA1AA8C114BCD2D, new session: ACDCCCB6FBF84FB6BDD87253BDEBB6DD)
2021-05-29 18:44:07 PaladinsAPI [[0;34mDEBUG[0m in API] Invalid session id. (ACDCCCB6FBF84FB6BDD87253BDEBB6DD)
2021-05-29 18:44:07 PaladinsAPI [[0;34mDEBUG[0m in API] Approved: (Old session: ACDCCCB6FBF84FB6BDD87253BDEBB6DD, new session: 8AA150EF06734141BB517452A384B9C3)
2021-05-29 19:12:17 PaladinsAPI [[0;34mDEBUG[0m in API] Invalid session id. (8AA150EF06734141BB517452A384B9C3)
2021-05-29 19:12:17 PaladinsAPI [[0;34mDEBUG[0m in API] Approved: (Old session: 8AA150EF06734141BB517452A384B9C3, new session: E9E90B97BD7B494995EAF43C4DD57CF5)
2021-05-29 19:56:16 PaladinsAPI [[0;34mDEBUG[0m in API] Invalid session id. (E9E90B97BD7B494995EAF43C4DD57CF5)
2021-05-29 19:56:17 PaladinsAPI [[0;34mDEBUG[0m in API] Approved: (Old session: E9E90B97BD7B494995EAF43C4DD57CF5, new session: 942E938D806F494EBE86CAA185E5CBD9)
2021-06-03 14:56:26 PaladinsAPI [[0;34mDEBUG[0m in API] Invalid session id. (942E938D806F494EBE86CAA185E5CBD9)
2021-06-03 14:56:27 PaladinsAPI [[0;34mDEBUG[0m in API] Approved: (Old session: 942E938D806F494EBE86CAA185E5CBD9, new session: 599A753792194010B10C28557D66886E)
2021-06-03 16:02:31 PaladinsAPI [[0;34mDEBUG[0m in API] Invalid session id. (0E7E2C151AB8496382B2CC4349102B91)
2021-06-03 16:02:31 PaladinsAPI [[0;34mDEBUG[0m in API] Approved: (Old session: 0E7E2C151AB8496382B2CC4349102B91, new session: 596DBC76D81948D9B00EE735CD9EE52B)
2021-06-05 18:57:01 PaladinsAPI [[0;34mDEBUG[0m in API] Invalid session id. (596DBC76D81948D9B00EE735CD9EE52B)
2021-06-05 18:57:02 PaladinsAPI [[0;34mDEBUG[0m in API] Approved: (Old session: 596DBC76D81948D9B00EE735CD9EE52B, new session: D67BE74BE6BC469EA7B51BE2F9F5EBEA)
2021-06-05 19:14:05 PaladinsAPI [[0;34mDEBUG[0m in API] Invalid session id. (D67BE74BE6BC469EA7B51BE2F9F5EBEA)
2021-06-05 19:14:06 PaladinsAPI [[0;34mDEBUG[0m in API] Approved: (Old session: D67BE74BE6BC469EA7B51BE2F9F5EBEA, new session: C2846C161B324CD1ADD3B085A73A4DE2)
2021-06-08 17:17:01 PaladinsAPI [[0;34mDEBUG[0m in API] Invalid session id. (C2846C161B324CD1ADD3B085A73A4DE2)
2021-06-08 17:17:01 PaladinsAPI [[0;34mDEBUG[0m in API] Approved: (Old session: C2846C161B324CD1ADD3B085A73A4DE2, new session: 2FA0CE60F7D4403C864940654DDA2B1B)
2021-06-08 22:48:22 PaladinsAPI [[0;34mDEBUG[0m in API] Invalid session id. (2FA0CE60F7D4403C864940654DDA2B1B)
2021-06-08 22:48:23 PaladinsAPI [[0;34mDEBUG[0m in API] Approved: (Old session: 2FA0CE60F7D4403C864940654DDA2B1B, new session: 3A9B68E9E92144808D266F7E49308157)
2021-06-16 20:35:45 PaladinsAPI [[0;34mDEBUG[0m in API] Invalid session id. (3A9B68E9E92144808D266F7E49308157)
2021-06-16 20:35:46 PaladinsAPI [[0;34mDEBUG[0m in API] Approved: (Old session: 3A9B68E9E92144808D266F7E49308157, new session: E768522822604A889F3BF5D2EAA096CA)
2021-06-16 20:59:54 PaladinsAPI [[0;34mDEBUG[0m in API] Invalid session id. (E768522822604A889F3BF5D2EAA096CA)
2021-06-16 20:59:55 PaladinsAPI [[0;34mDEBUG[0m in API] Approved: (Old session: E768522822604A889F3BF5D2EAA096CA, new session: 9607981DCDDA425FACDDE5DC77FD0CE4)
2021-06-16 22:17:38 PaladinsAPI [[0;34mDEBUG[0m in API] Invalid session id. (9607981DCDDA425FACDDE5DC77FD0CE4)
2021-06-16 22:17:39 PaladinsAPI [[0;34mDEBUG[0m in API] Approved: (Old session: 9607981DCDDA425FACDDE5DC77FD0CE4, new session: A2B7E689ED29466E9C8F5DAD458785DD)
2021-06-16 22:51:07 PaladinsAPI [[0;34mDEBUG[0m in API] Invalid session id. (A2B7E689ED29466E9C8F5DAD458785DD)
2021-06-16 22:51:07 PaladinsAPI [[0;34mDEBUG[0m in API] Approved: (Old session: A2B7E689ED29466E9C8F5DAD458785DD, new session: E1ABC434982D41FE9C880609356263FA)
2021-06-16 23:59:35 PaladinsAPI [[0;34mDEBUG[0m in API] Invalid session id. (E1ABC434982D41FE9C880609356263FA)
2021-06-16 23:59:35 PaladinsAPI [[0;34mDEBUG[0m in API] Approved: (Old session: E1ABC434982D41FE9C880609356263FA, new session: F0E60F909D8D4371A81779215A3E100E)
2021-06-17 15:25:31 PaladinsAPI [[0;34mDEBUG[0m in API] Invalid session id. (F0E60F909D8D4371A81779215A3E100E)
2021-06-17 15:25:31 PaladinsAPI [[0;34mDEBUG[0m in API] Approved: (Old session: F0E60F909D8D4371A81779215A3E100E, new session: 9181B26B41AF47E9BD721ABF96572F05)
2021-06-17 20:44:00 PaladinsAPI [[0;34mDEBUG[0m in API] Invalid session id. (9181B26B41AF47E9BD721ABF96572F05)
2021-06-17 20:44:00 PaladinsAPI [[0;34mDEBUG[0m in API] Approved: (Old session: 9181B26B41AF47E9BD721ABF96572F05, new session: AA24F760181F4F2BB6644DC1E7878AEF)
2021-06-23 20:02:03 PaladinsAPI [[0;34mDEBUG[0m in API] Invalid session id. (AA24F760181F4F2BB6644DC1E7878AEF)
2021-06-23 20:02:04 PaladinsAPI [[0;34mDEBUG[0m in API] Approved: (Old session: AA24F760181F4F2BB6644DC1E7878AEF, new session: 5E002588E530471294AEFC5992FDE738)
2021-06-25 11:46:17 PaladinsAPI [[0;34mDEBUG[0m in API] Invalid session id. (5E002588E530471294AEFC5992FDE738)
2021-06-25 11:46:18 PaladinsAPI [[0;34mDEBUG[0m in API] Approved: (Old session: 5E002588E530471294AEFC5992FDE738, new session: 3F017F5268A143EFA77746C6617FC899)
2021-07-01 14:10:06 PaladinsAPI [[0;34mDEBUG[0m in API] Invalid session id. (3F017F5268A143EFA77746C6617FC899)
2021-07-01 14:10:06 PaladinsAPI [[0;34mDEBUG[0m in API] Approved: (Old session: 3F017F5268A143EFA77746C6617FC899, new session: E6FEFEFB237D413AA57A05866EC2A301)
2021-07-02 11:56:57 PaladinsAPI [[0;34mDEBUG[0m in API] Invalid session id. (E6FEFEFB237D413AA57A05866EC2A301)
2021-07-02 11:56:58 PaladinsAPI [[0;34mDEBUG[0m in API] Approved: (Old session: E6FEFEFB237D413AA57A05866EC2A301, new session: 6B60C2F21E7A49C18E0CD33EB29869E6)
2021-07-09 11:18:45 PaladinsAPI [[0;34mDEBUG[0m in API] Invalid session id. (6B60C2F21E7A49C18E0CD33EB29869E6)
2021-07-09 11:18:45 PaladinsAPI [[0;34mDEBUG[0m in API] Approved: (Old session: 6B60C2F21E7A49C18E0CD33EB29869E6, new session: 80A90814820740039A41245A6C41CF52)
2021-07-09 11:34:04 PaladinsAPI [[0;34mDEBUG[0m in API] Invalid session id. (80A90814820740039A41245A6C41CF52)
2021-07-09 11:34:05 PaladinsAPI [[0;34mDEBUG[0m in API] Approved: (Old session: 80A90814820740039A41245A6C41CF52, new session: B5E0520E87924539BB9CF00E7038BCB2)
2022-05-23 14:40:54 PaladinsAPI [[0;34mDEBUG[0m in API] Invalid session id. (E45FAE8A305C410CB1AD3DEE7CAD96E8)
2022-05-23 14:40:54 PaladinsAPI [[0;34mDEBUG[0m in API] Approved: (Old session: E45FAE8A305C410CB1AD3DEE7CAD96E8, new session: F4237346FAA54192AC7BAE15A50D729B)
