2021-01-11 02:57:15 PaladinsAPI [[0;34mDEBUG[0m in API] Approved: (Old session: None, new session: 9506C187DD144EF3922B9293895B2CA6)
2021-01-11 15:19:00 PaladinsAPI [[0;34mDEBUG[0m in API] Invalid session id. (9506C187DD144EF3922B9293895B2CA6)
2021-01-11 15:19:00 PaladinsAPI [[0;34mDEBUG[0m in API] Approved: (Old session: 9506C187DD144EF3922B9293895B2CA6, new session: 9DC29FE4946E41DDB406B554A51DE4D9)
2021-01-20 19:16:02 PaladinsAPI [[0;34mDEBUG[0m in API] Invalid session id. (9DC29FE4946E41DDB406B554A51DE4D9)
2021-01-20 19:16:02 PaladinsAPI [[0;34mDEBUG[0m in API] Approved: (Old session: 9DC29FE4946E41DDB406B554A51DE4D9, new session: CD21F3ED849C4A51BD940DFA449DEEE2)
2021-01-21 00:45:13 PaladinsAPI [[0;34mDEBUG[0m in API] Invalid session id. (CD21F3ED849C4A51BD940DFA449DEEE2)
2021-01-21 00:45:13 PaladinsAPI [[0;34mDEBUG[0m in API] Approved: (Old session: CD21F3ED849C4A51BD940DFA449DEEE2, new session: 3349D345BF5E4ACA9B48AD1B11819AA1)
2021-01-30 20:02:40 PaladinsAPI [[0;34mDEBUG[0m in API] Invalid session id. (3349D345BF5E4ACA9B48AD1B11819AA1)
2021-01-30 20:02:40 PaladinsAPI [[0;34mDEBUG[0m in API] Approved: (Old session: 3349D345BF5E4ACA9B48AD1B11819AA1, new session: 5EB3D9D2B83642B183FC1B8855FA52FF)
2021-01-30 23:11:48 PaladinsAPI [[0;34mDEBUG[0m in API] Invalid session id. (5EB3D9D2B83642B183FC1B8855FA52FF)
2021-01-30 23:11:48 PaladinsAPI [[0;34mDEBUG[0m in API] Approved: (Old session: 5EB3D9D2B83642B183FC1B8855FA52FF, new session: E0065C2748C34BF1A7E66D734DC4C54A)
2021-01-31 00:48:45 PaladinsAPI [[0;34mDEBUG[0m in API] Invalid session id. (E0065C2748C34BF1A7E66D734DC4C54A)
2021-01-31 00:48:45 PaladinsAPI [[0;34mDEBUG[0m in API] Approved: (Old session: E0065C2748C34BF1A7E66D734DC4C54A, new session: BC803E53D043494AB598B570A9CA56B2)
2021-03-12 20:44:17 PaladinsAPI [[0;34mDEBUG[0m in API] Invalid session id. (BC803E53D043494AB598B570A9CA56B2)
2021-03-12 20:44:17 PaladinsAPI [[0;34mDEBUG[0m in API] Approved: (Old session: BC803E53D043494AB598B570A9CA56B2, new session: EED50A83CD774E3F8D1DC38B2590808C)
2021-03-12 21:07:34 PaladinsAPI [[0;34mDEBUG[0m in API] Invalid session id. (EED50A83CD774E3F8D1DC38B2590808C)
2021-03-12 21:07:35 PaladinsAPI [[0;34mDEBUG[0m in API] Approved: (Old session: EED50A83CD774E3F8D1DC38B2590808C, new session: E99B7E72B0804C87905CAFD2E9BAA46F)
2021-03-12 22:42:37 PaladinsAPI [[0;34mDEBUG[0m in API] Invalid session id. (E99B7E72B0804C87905CAFD2E9BAA46F)
2021-03-12 22:42:37 PaladinsAPI [[0;34mDEBUG[0m in API] Approved: (Old session: E99B7E72B0804C87905CAFD2E9BAA46F, new session: 3651631A88CE46DAB78E79AB215430A8)
2021-06-03 15:38:42 PaladinsAPI [[0;34mDEBUG[0m in API] Invalid session id. (599A753792194010B10C28557D66886E)
2021-06-03 15:38:42 PaladinsAPI [[0;34mDEBUG[0m in API] Approved: (Old session: 599A753792194010B10C28557D66886E, new session: 0E7E2C151AB8496382B2CC4349102B91)
2022-05-23 13:20:41 PaladinsAPI [[0;34mDEBUG[0m in API] Approved: (Old session: None, new session: E45FAE8A305C410CB1AD3DEE7CAD96E8)
